<?xml version="1.0" encoding="UTF-8"?>
<!-- Generated by org.testng.reporters.JUnitReportReporter -->
<testsuite hostname="DESKTOP-0UJMIG6" failures="0" tests="1" name="com.juaracoding.appium.TestCalculator" time="3.172" errors="0" timestamp="2022-08-25T15:12:39 ICT" skipped="0">
  <testcase classname="com.juaracoding.appium.TestCalculator" name="testAdd" time="3.172"/>
  <system-out/>
</testsuite> <!-- com.juaracoding.appium.TestCalculator -->
